SF:lib\fstorage.dart
DA:18,3
DA:25,1
DA:27,4
DA:29,0
DA:31,0
DA:32,0
DA:35,0
DA:38,1
DA:40,1
DA:41,2
DA:42,0
DA:45,2
DA:47,1
DA:49,1
DA:51,1
DA:55,2
DA:57,3
DA:59,1
DA:61,1
DA:63,1
DA:65,1
DA:69,1
DA:71,1
DA:72,2
DA:74,1
DA:75,5
DA:76,0
DA:77,5
DA:78,0
DA:79,5
DA:80,0
DA:81,5
DA:82,0
DA:83,8
DA:84,0
DA:85,0
DA:90,1
DA:91,1
DA:93,2
DA:94,1
DA:96,0
DA:101,1
DA:102,1
DA:103,0
DA:104,4
DA:105,0
DA:106,4
DA:107,0
DA:108,4
DA:109,0
DA:110,5
DA:111,0
DA:112,0
DA:120,1
DA:122,3
DA:125,1
DA:127,1
DA:128,4
DA:129,1
DA:132,1
DA:134,3
DA:136,2
DA:138,1
DA:140,2
DA:142,2
DA:144,4
DA:146,1
DA:147,7
DA:148,0
DA:149,0
DA:150,0
DA:151,0
DA:157,1
DA:158,5
DA:159,1
DA:160,1
DA:162,1
DA:163,3
DA:164,3
DA:165,3
DA:169,0
DA:172,1
DA:173,1
DA:175,1
DA:179,3
DA:182,0
DA:183,0
DA:185,0
DA:187,0
DA:188,0
DA:191,0
DA:193,0
DA:194,0
DA:195,0
DA:198,1
DA:199,1
DA:202,2
DA:203,3
DA:206,2
DA:208,3
DA:210,1
DA:212,1
DA:214,3
DA:215,1
DA:217,3
DA:218,2
DA:219,1
DA:220,1
DA:224,1
DA:225,2
DA:226,2
DA:230,2
DA:233,2
DA:235,3
DA:236,0
DA:240,2
DA:241,2
DA:242,2
DA:243,2
DA:244,1
DA:245,2
DA:246,2
DA:247,1
DA:248,1
DA:249,1
DA:253,1
DA:254,1
DA:255,2
DA:256,2
DA:257,1
DA:258,1
DA:259,1
DA:261,4
DA:264,0
DA:267,1
DA:268,2
DA:269,2
DA:270,2
DA:271,2
DA:272,1
DA:273,2
DA:274,2
DA:277,2
DA:278,1
DA:279,2
DA:280,2
DA:281,1
DA:284,2
DA:290,1
DA:291,3
DA:295,3
DA:296,1
DA:297,1
DA:299,3
DA:303,1
DA:304,3
DA:305,1
DA:307,7
DA:308,0
DA:309,0
DA:310,0
DA:311,0
DA:313,0
DA:315,0
DA:317,3
DA:319,2
DA:320,5
DA:321,1
DA:322,0
DA:324,5
DA:325,1
DA:326,0
DA:328,5
DA:329,1
DA:330,0
DA:332,5
DA:333,1
DA:334,0
DA:336,4
DA:337,3
DA:339,0
DA:340,0
DA:342,0
DA:348,1
DA:349,1
DA:350,0
DA:351,0
DA:352,0
DA:355,0
DA:356,0
DA:357,0
DA:358,0
DA:360,0
DA:361,0
DA:363,0
DA:365,1
DA:366,0
DA:367,0
DA:370,0
DA:372,0
DA:374,0
DA:376,0
DA:377,0
DA:378,0
DA:379,0
DA:380,0
DA:381,0
DA:383,0
DA:384,0
DA:385,0
DA:386,0
DA:392,3
DA:393,1
DA:394,1
DA:395,1
DA:396,1
DA:397,1
DA:399,1
DA:400,1
DA:402,0
DA:407,1
DA:408,2
DA:409,0
DA:410,0
DA:412,1
DA:415,1
DA:416,2
DA:417,3
DA:420,0
DA:421,0
DA:422,0
DA:425,0
DA:428,0
DA:431,0
DA:435,1
DA:437,2
DA:440,0
DA:442,0
DA:444,0
DA:445,0
DA:446,0
DA:448,0
DA:449,0
DA:450,0
DA:454,0
DA:456,0
DA:458,0
DA:460,0
DA:462,0
DA:464,0
DA:465,0
DA:466,0
DA:467,0
DA:472,1
DA:473,1
DA:474,1
DA:476,0
DA:478,1
DA:479,2
DA:489,1
LF:260
LH:161
end_of_record
SF:lib\src\storage\storage.dart
DA:13,0
DA:21,0
DA:23,0
DA:26,0
DA:28,0
DA:30,0
DA:33,0
DA:35,0
DA:38,0
DA:40,0
DA:42,0
DA:43,0
DA:51,0
DA:53,0
DA:54,0
DA:56,0
DA:58,0
DA:59,0
DA:60,0
DA:61,0
DA:62,0
DA:64,0
DA:68,0
DA:70,0
DA:71,0
DA:74,0
DA:76,0
DA:77,0
DA:78,0
DA:80,0
LF:30
LH:0
end_of_record
SF:lib\src\entity.dart
DA:6,1
DA:8,0
DA:9,0
DA:11,1
DA:13,1
DA:14,9
DA:20,0
DA:22,0
DA:25,0
DA:26,0
DA:27,0
DA:28,0
DA:33,0
DA:36,0
DA:37,0
DA:38,0
DA:41,0
DA:42,0
DA:43,0
DA:44,0
DA:45,0
DA:46,0
DA:47,0
LF:23
LH:4
end_of_record
SF:lib\src\exceptions.dart
DA:5,2
DA:9,1
DA:13,1
DA:17,1
DA:21,1
LF:5
LH:5
end_of_record
SF:lib\src\class.dart
DA:8,1
DA:10,0
DA:15,0
DA:16,0
DA:17,0
DA:18,0
DA:22,1
DA:23,0
DA:25,1
DA:26,1
DA:27,3
DA:28,9
DA:32,0
DA:34,0
LF:14
LH:6
end_of_record
SF:lib\src\parameter.dart
DA:6,1
DA:14,1
DA:21,1
DA:23,1
DA:24,1
DA:25,1
DA:26,1
DA:31,0
DA:33,0
DA:38,0
DA:40,0
DA:42,0
DA:43,0
DA:44,0
DA:49,0
DA:51,0
LF:16
LH:7
end_of_record
SF:lib\src\extensions\string_ext.dart
DA:4,0
DA:5,0
LF:2
LH:0
end_of_record
